/Applications/GitHub_Shreyas/depak /15-deepak-ke-lal/backend/main.py:79: DeprecationWarning: 
        on_event is deprecated, use lifespan event handlers instead.

        Read more about it in the
        [FastAPI docs for Lifespan Events](https://fastapi.tiangolo.com/advanced/events/).
        
  @app.on_event("startup")
INFO:     Will watch for changes in these directories: ['/Applications/GitHub_Shreyas/depak /15-deepak-ke-lal/backend']
INFO:     Uvicorn running on http://127.0.0.1:8000 (Press CTRL+C to quit)
INFO:     Started reloader process [52599] using StatReload
✅ ReAct agent graph compiled successfully!
INFO:     Started server process [52618]
INFO:     Waiting for application startup.
INFO:     Application startup complete.
INFO:     127.0.0.1:63188 - "WebSocket /ws/user_jru99nv26" [accepted]
INFO:     connection closed
INFO:     127.0.0.1:63192 - "WebSocket /ws/user_jru99nv26" [accepted]
INFO:     connection open
✅ ReAct agent graph compiled successfully!
✅ ReAct agent graph compiled successfully!
✅ ReAct agent graph compiled successfully!
INFO:     127.0.0.1:0 - "GET /logo192.png HTTP/1.1" 404 Not Found
INFO:     127.0.0.1:63199 - "POST /chat HTTP/1.1" 200 OK
WARNING:  StatReload detected changes in 'runner.py'. Reloading...
INFO:     Shutting down
INFO:     connection closed
INFO:     Waiting for application shutdown.
INFO:     Application shutdown complete.
INFO:     Finished server process [52618]
INFO:     Started server process [53411]
INFO:     Waiting for application startup.
INFO:     Application startup complete.
WARNING:  StatReload detected changes in 'runner.py'. Reloading...
INFO:     Shutting down
INFO:     Waiting for application shutdown.
INFO:     Application shutdown complete.
INFO:     Finished server process [53411]
INFO:     Started server process [53426]
INFO:     Waiting for application startup.
INFO:     Application startup complete.
WARNING:  StatReload detected changes in 'runner.py'. Reloading...
INFO:     Shutting down
INFO:     Waiting for application shutdown.
INFO:     Application shutdown complete.
INFO:     Finished server process [53426]
INFO:     Started server process [53436]
INFO:     Waiting for application startup.
INFO:     Application startup complete.
